2019-07-10 11:41:40,820 [Worker-11] INFO  o.e.m.c.i.e.AbstractTransferListenerAdapter - Downloading http://repo.maven.apache.org/maven2/org/apache/maven/plugins/maven-clean-plugin/2.5/maven-clean-plugin-2.5.jar
2019-07-10 11:41:41,585 [Worker-11] INFO  o.e.m.c.i.e.AbstractTransferListenerAdapter - Downloaded http://repo.maven.apache.org/maven2/org/apache/maven/plugins/maven-clean-plugin/2.5/maven-clean-plugin-2.5.jar
2019-07-10 11:41:41,889 [Worker-11] INFO  o.e.m.c.i.e.AbstractTransferListenerAdapter - Downloading http://repo.maven.apache.org/maven2/org/apache/maven/plugins/maven-resources-plugin/2.6/maven-resources-plugin-2.6.jar
2019-07-10 11:41:42,601 [Worker-11] INFO  o.e.m.c.i.e.AbstractTransferListenerAdapter - Downloaded http://repo.maven.apache.org/maven2/org/apache/maven/plugins/maven-resources-plugin/2.6/maven-resources-plugin-2.6.jar
2019-07-10 11:41:42,878 [Worker-11] INFO  o.e.m.c.i.e.AbstractTransferListenerAdapter - Downloading http://repo.maven.apache.org/maven2/org/apache/maven/plugins/maven-compiler-plugin/2.5.1/maven-compiler-plugin-2.5.1.jar
2019-07-10 11:41:43,773 [Worker-11] INFO  o.e.m.c.i.e.AbstractTransferListenerAdapter - Downloaded http://repo.maven.apache.org/maven2/org/apache/maven/plugins/maven-compiler-plugin/2.5.1/maven-compiler-plugin-2.5.1.jar
2019-07-10 11:41:44,052 [Worker-11] INFO  o.e.m.c.i.e.AbstractTransferListenerAdapter - Downloading http://repo.maven.apache.org/maven2/org/apache/maven/plugins/maven-surefire-plugin/2.12.4/maven-surefire-plugin-2.12.4.jar
2019-07-10 11:41:44,769 [Worker-11] INFO  o.e.m.c.i.e.AbstractTransferListenerAdapter - Downloaded http://repo.maven.apache.org/maven2/org/apache/maven/plugins/maven-surefire-plugin/2.12.4/maven-surefire-plugin-2.12.4.jar
2019-07-10 11:41:45,028 [Worker-11] INFO  o.e.m.c.i.e.AbstractTransferListenerAdapter - Downloading http://repo.maven.apache.org/maven2/org/apache/maven/plugins/maven-war-plugin/2.2/maven-war-plugin-2.2.jar
2019-07-10 11:41:45,971 [Worker-11] INFO  o.e.m.c.i.e.AbstractTransferListenerAdapter - Downloaded http://repo.maven.apache.org/maven2/org/apache/maven/plugins/maven-war-plugin/2.2/maven-war-plugin-2.2.jar
2019-07-10 11:41:46,242 [Worker-11] INFO  o.e.m.c.i.e.AbstractTransferListenerAdapter - Downloading http://repo.maven.apache.org/maven2/org/apache/maven/plugins/maven-install-plugin/2.4/maven-install-plugin-2.4.jar
2019-07-10 11:41:46,886 [Worker-11] INFO  o.e.m.c.i.e.AbstractTransferListenerAdapter - Downloaded http://repo.maven.apache.org/maven2/org/apache/maven/plugins/maven-install-plugin/2.4/maven-install-plugin-2.4.jar
2019-07-10 11:41:47,179 [Worker-11] INFO  o.e.m.c.i.e.AbstractTransferListenerAdapter - Downloading http://repo.maven.apache.org/maven2/org/apache/maven/plugins/maven-deploy-plugin/2.7/maven-deploy-plugin-2.7.jar
2019-07-10 11:41:47,687 [Worker-11] INFO  o.e.m.c.i.e.AbstractTransferListenerAdapter - Downloaded http://repo.maven.apache.org/maven2/org/apache/maven/plugins/maven-deploy-plugin/2.7/maven-deploy-plugin-2.7.jar
2019-07-10 11:41:47,946 [Worker-11] INFO  o.e.m.c.i.e.AbstractTransferListenerAdapter - Downloading http://repo.maven.apache.org/maven2/org/apache/maven/plugins/maven-site-plugin/3.3/maven-site-plugin-3.3.jar
2019-07-10 11:41:48,890 [Worker-11] INFO  o.e.m.c.i.e.AbstractTransferListenerAdapter - Downloaded http://repo.maven.apache.org/maven2/org/apache/maven/plugins/maven-site-plugin/3.3/maven-site-plugin-3.3.jar
2019-07-10 11:41:49,182 [Worker-11] INFO  o.e.m.c.i.e.AbstractTransferListenerAdapter - Downloading http://repo.maven.apache.org/maven2/org/apache/maven/plugins/maven-compiler-plugin/2.5.1/maven-compiler-plugin-2.5.1.pom
2019-07-10 11:41:49,613 [Worker-11] INFO  o.e.m.c.i.e.AbstractTransferListenerAdapter - Downloaded http://repo.maven.apache.org/maven2/org/apache/maven/plugins/maven-compiler-plugin/2.5.1/maven-compiler-plugin-2.5.1.pom
2019-07-10 11:41:49,822 [Worker-11] INFO  o.e.m.c.i.e.AbstractTransferListenerAdapter - Downloading http://repo.maven.apache.org/maven2/org/apache/maven/plugins/maven-plugins/22/maven-plugins-22.pom
2019-07-10 11:41:50,252 [Worker-11] INFO  o.e.m.c.i.e.AbstractTransferListenerAdapter - Downloaded http://repo.maven.apache.org/maven2/org/apache/maven/plugins/maven-plugins/22/maven-plugins-22.pom
2019-07-10 11:41:50,470 [Worker-11] INFO  o.e.m.c.i.e.AbstractTransferListenerAdapter - Downloading http://repo.maven.apache.org/maven2/org/apache/maven/maven-parent/21/maven-parent-21.pom
2019-07-10 11:41:51,748 [Worker-11] INFO  o.e.m.c.i.e.AbstractTransferListenerAdapter - Downloaded http://repo.maven.apache.org/maven2/org/apache/maven/maven-parent/21/maven-parent-21.pom
2019-07-10 11:41:51,958 [Worker-11] INFO  o.e.m.c.i.e.AbstractTransferListenerAdapter - Downloading http://repo.maven.apache.org/maven2/org/apache/apache/10/apache-10.pom
2019-07-10 11:41:52,383 [Worker-11] INFO  o.e.m.c.i.e.AbstractTransferListenerAdapter - Downloaded http://repo.maven.apache.org/maven2/org/apache/apache/10/apache-10.pom
2019-07-10 11:41:52,629 [Worker-11] INFO  o.e.m.c.i.e.AbstractTransferListenerAdapter - Downloading http://repo.maven.apache.org/maven2/org/apache/maven/maven-plugin-api/2.0.9/maven-plugin-api-2.0.9.pom
2019-07-10 11:41:53,099 [Worker-11] INFO  o.e.m.c.i.e.AbstractTransferListenerAdapter - Downloaded http://repo.maven.apache.org/maven2/org/apache/maven/maven-plugin-api/2.0.9/maven-plugin-api-2.0.9.pom
2019-07-10 11:41:53,331 [Worker-11] INFO  o.e.m.c.i.e.AbstractTransferListenerAdapter - Downloading http://repo.maven.apache.org/maven2/org/apache/maven/maven/2.0.9/maven-2.0.9.pom
2019-07-10 11:41:53,767 [Worker-11] INFO  o.e.m.c.i.e.AbstractTransferListenerAdapter - Downloaded http://repo.maven.apache.org/maven2/org/apache/maven/maven/2.0.9/maven-2.0.9.pom
2019-07-10 11:41:53,981 [Worker-11] INFO  o.e.m.c.i.e.AbstractTransferListenerAdapter - Downloading http://repo.maven.apache.org/maven2/org/apache/maven/maven-parent/8/maven-parent-8.pom
2019-07-10 11:41:54,404 [Worker-11] INFO  o.e.m.c.i.e.AbstractTransferListenerAdapter - Downloaded http://repo.maven.apache.org/maven2/org/apache/maven/maven-parent/8/maven-parent-8.pom
2019-07-10 11:41:54,631 [Worker-11] INFO  o.e.m.c.i.e.AbstractTransferListenerAdapter - Downloading http://repo.maven.apache.org/maven2/org/apache/apache/4/apache-4.pom
2019-07-10 11:41:55,053 [Worker-11] INFO  o.e.m.c.i.e.AbstractTransferListenerAdapter - Downloaded http://repo.maven.apache.org/maven2/org/apache/apache/4/apache-4.pom
2019-07-10 11:41:55,277 [Worker-11] INFO  o.e.m.c.i.e.AbstractTransferListenerAdapter - Downloading http://repo.maven.apache.org/maven2/org/apache/maven/maven-artifact/2.0.9/maven-artifact-2.0.9.pom
2019-07-10 11:41:55,699 [Worker-11] INFO  o.e.m.c.i.e.AbstractTransferListenerAdapter - Downloaded http://repo.maven.apache.org/maven2/org/apache/maven/maven-artifact/2.0.9/maven-artifact-2.0.9.pom
2019-07-10 11:41:55,912 [Worker-11] INFO  o.e.m.c.i.e.AbstractTransferListenerAdapter - Downloading http://repo.maven.apache.org/maven2/org/codehaus/plexus/plexus-utils/1.5.1/plexus-utils-1.5.1.pom
2019-07-10 11:41:56,345 [Worker-11] INFO  o.e.m.c.i.e.AbstractTransferListenerAdapter - Downloaded http://repo.maven.apache.org/maven2/org/codehaus/plexus/plexus-utils/1.5.1/plexus-utils-1.5.1.pom
2019-07-10 11:41:56,572 [Worker-11] INFO  o.e.m.c.i.e.AbstractTransferListenerAdapter - Downloading http://repo.maven.apache.org/maven2/org/codehaus/plexus/plexus/1.0.11/plexus-1.0.11.pom
2019-07-10 11:41:57,033 [Worker-11] INFO  o.e.m.c.i.e.AbstractTransferListenerAdapter - Downloaded http://repo.maven.apache.org/maven2/org/codehaus/plexus/plexus/1.0.11/plexus-1.0.11.pom
2019-07-10 11:41:57,250 [Worker-11] INFO  o.e.m.c.i.e.AbstractTransferListenerAdapter - Downloading http://repo.maven.apache.org/maven2/org/apache/maven/maven-core/2.0.9/maven-core-2.0.9.pom
2019-07-10 11:41:57,665 [Worker-11] INFO  o.e.m.c.i.e.AbstractTransferListenerAdapter - Downloaded http://repo.maven.apache.org/maven2/org/apache/maven/maven-core/2.0.9/maven-core-2.0.9.pom
2019-07-10 11:41:57,876 [Worker-11] INFO  o.e.m.c.i.e.AbstractTransferListenerAdapter - Downloading http://repo.maven.apache.org/maven2/org/apache/maven/maven-settings/2.0.9/maven-settings-2.0.9.pom
2019-07-10 11:41:58,305 [Worker-11] INFO  o.e.m.c.i.e.AbstractTransferListenerAdapter - Downloaded http://repo.maven.apache.org/maven2/org/apache/maven/maven-settings/2.0.9/maven-settings-2.0.9.pom
2019-07-10 11:41:58,542 [Worker-11] INFO  o.e.m.c.i.e.AbstractTransferListenerAdapter - Downloading http://repo.maven.apache.org/maven2/org/apache/maven/maven-model/2.0.9/maven-model-2.0.9.pom
2019-07-10 11:41:58,975 [Worker-11] INFO  o.e.m.c.i.e.AbstractTransferListenerAdapter - Downloaded http://repo.maven.apache.org/maven2/org/apache/maven/maven-model/2.0.9/maven-model-2.0.9.pom
2019-07-10 11:41:59,190 [Worker-11] INFO  o.e.m.c.i.e.AbstractTransferListenerAdapter - Downloading http://repo.maven.apache.org/maven2/org/apache/maven/maven-plugin-parameter-documenter/2.0.9/maven-plugin-parameter-documenter-2.0.9.pom
2019-07-10 11:41:59,631 [Worker-11] INFO  o.e.m.c.i.e.AbstractTransferListenerAdapter - Downloaded http://repo.maven.apache.org/maven2/org/apache/maven/maven-plugin-parameter-documenter/2.0.9/maven-plugin-parameter-documenter-2.0.9.pom
2019-07-10 11:41:59,836 [Worker-11] INFO  o.e.m.c.i.e.AbstractTransferListenerAdapter - Downloading http://repo.maven.apache.org/maven2/org/apache/maven/maven-profile/2.0.9/maven-profile-2.0.9.pom
2019-07-10 11:42:00,245 [Worker-11] INFO  o.e.m.c.i.e.AbstractTransferListenerAdapter - Downloaded http://repo.maven.apache.org/maven2/org/apache/maven/maven-profile/2.0.9/maven-profile-2.0.9.pom
2019-07-10 11:42:00,456 [Worker-11] INFO  o.e.m.c.i.e.AbstractTransferListenerAdapter - Downloading http://repo.maven.apache.org/maven2/org/apache/maven/maven-repository-metadata/2.0.9/maven-repository-metadata-2.0.9.pom
2019-07-10 11:42:00,861 [Worker-11] INFO  o.e.m.c.i.e.AbstractTransferListenerAdapter - Downloaded http://repo.maven.apache.org/maven2/org/apache/maven/maven-repository-metadata/2.0.9/maven-repository-metadata-2.0.9.pom
2019-07-10 11:42:01,341 [Worker-11] INFO  o.e.m.c.i.e.AbstractTransferListenerAdapter - Downloading http://repo.maven.apache.org/maven2/org/apache/maven/maven-error-diagnostics/2.0.9/maven-error-diagnostics-2.0.9.pom
2019-07-10 11:42:01,763 [Worker-11] INFO  o.e.m.c.i.e.AbstractTransferListenerAdapter - Downloaded http://repo.maven.apache.org/maven2/org/apache/maven/maven-error-diagnostics/2.0.9/maven-error-diagnostics-2.0.9.pom
2019-07-10 11:42:01,977 [Worker-11] INFO  o.e.m.c.i.e.AbstractTransferListenerAdapter - Downloading http://repo.maven.apache.org/maven2/org/apache/maven/maven-project/2.0.9/maven-project-2.0.9.pom
2019-07-10 11:42:02,401 [Worker-11] INFO  o.e.m.c.i.e.AbstractTransferListenerAdapter - Downloaded http://repo.maven.apache.org/maven2/org/apache/maven/maven-project/2.0.9/maven-project-2.0.9.pom
2019-07-10 11:42:02,612 [Worker-11] INFO  o.e.m.c.i.e.AbstractTransferListenerAdapter - Downloading http://repo.maven.apache.org/maven2/org/apache/maven/maven-artifact-manager/2.0.9/maven-artifact-manager-2.0.9.pom
2019-07-10 11:42:03,045 [Worker-11] INFO  o.e.m.c.i.e.AbstractTransferListenerAdapter - Downloaded http://repo.maven.apache.org/maven2/org/apache/maven/maven-artifact-manager/2.0.9/maven-artifact-manager-2.0.9.pom
2019-07-10 11:42:03,269 [Worker-11] INFO  o.e.m.c.i.e.AbstractTransferListenerAdapter - Downloading http://repo.maven.apache.org/maven2/org/apache/maven/maven-plugin-registry/2.0.9/maven-plugin-registry-2.0.9.pom
2019-07-10 11:42:03,674 [Worker-11] INFO  o.e.m.c.i.e.AbstractTransferListenerAdapter - Downloaded http://repo.maven.apache.org/maven2/org/apache/maven/maven-plugin-registry/2.0.9/maven-plugin-registry-2.0.9.pom
2019-07-10 11:42:03,887 [Worker-11] INFO  o.e.m.c.i.e.AbstractTransferListenerAdapter - Downloading http://repo.maven.apache.org/maven2/org/apache/maven/maven-plugin-descriptor/2.0.9/maven-plugin-descriptor-2.0.9.pom
2019-07-10 11:42:04,324 [Worker-11] INFO  o.e.m.c.i.e.AbstractTransferListenerAdapter - Downloaded http://repo.maven.apache.org/maven2/org/apache/maven/maven-plugin-descriptor/2.0.9/maven-plugin-descriptor-2.0.9.pom
2019-07-10 11:42:04,546 [Worker-11] INFO  o.e.m.c.i.e.AbstractTransferListenerAdapter - Downloading http://repo.maven.apache.org/maven2/org/apache/maven/maven-monitor/2.0.9/maven-monitor-2.0.9.pom
2019-07-10 11:42:05,158 [Worker-11] INFO  o.e.m.c.i.e.AbstractTransferListenerAdapter - Downloaded http://repo.maven.apache.org/maven2/org/apache/maven/maven-monitor/2.0.9/maven-monitor-2.0.9.pom
2019-07-10 11:42:05,443 [Worker-11] INFO  o.e.m.c.i.e.AbstractTransferListenerAdapter - Downloading http://repo.maven.apache.org/maven2/org/apache/maven/maven-toolchain/1.0/maven-toolchain-1.0.pom
2019-07-10 11:42:05,868 [Worker-11] INFO  o.e.m.c.i.e.AbstractTransferListenerAdapter - Downloaded http://repo.maven.apache.org/maven2/org/apache/maven/maven-toolchain/1.0/maven-toolchain-1.0.pom
2019-07-10 11:42:06,116 [Worker-11] INFO  o.e.m.c.i.e.AbstractTransferListenerAdapter - Downloading http://repo.maven.apache.org/maven2/org/apache/maven/maven/2.0.6/maven-2.0.6.pom
2019-07-10 11:42:06,521 [Worker-11] INFO  o.e.m.c.i.e.AbstractTransferListenerAdapter - Downloaded http://repo.maven.apache.org/maven2/org/apache/maven/maven/2.0.6/maven-2.0.6.pom
2019-07-10 11:42:06,733 [Worker-11] INFO  o.e.m.c.i.e.AbstractTransferListenerAdapter - Downloading http://repo.maven.apache.org/maven2/org/apache/maven/maven-parent/5/maven-parent-5.pom
2019-07-10 11:42:07,172 [Worker-11] INFO  o.e.m.c.i.e.AbstractTransferListenerAdapter - Downloaded http://repo.maven.apache.org/maven2/org/apache/maven/maven-parent/5/maven-parent-5.pom
2019-07-10 11:42:07,373 [Worker-11] INFO  o.e.m.c.i.e.AbstractTransferListenerAdapter - Downloading http://repo.maven.apache.org/maven2/org/apache/apache/3/apache-3.pom
2019-07-10 11:42:07,781 [Worker-11] INFO  o.e.m.c.i.e.AbstractTransferListenerAdapter - Downloaded http://repo.maven.apache.org/maven2/org/apache/apache/3/apache-3.pom
2019-07-10 11:42:07,999 [Worker-11] INFO  o.e.m.c.i.e.AbstractTransferListenerAdapter - Downloading http://repo.maven.apache.org/maven2/org/apache/maven/maven-core/2.0.6/maven-core-2.0.6.pom
2019-07-10 11:42:08,421 [Worker-11] INFO  o.e.m.c.i.e.AbstractTransferListenerAdapter - Downloaded http://repo.maven.apache.org/maven2/org/apache/maven/maven-core/2.0.6/maven-core-2.0.6.pom
2019-07-10 11:42:08,667 [Worker-11] INFO  o.e.m.c.i.e.AbstractTransferListenerAdapter - Downloading http://repo.maven.apache.org/maven2/org/apache/maven/maven-settings/2.0.6/maven-settings-2.0.6.pom
2019-07-10 11:42:09,091 [Worker-11] INFO  o.e.m.c.i.e.AbstractTransferListenerAdapter - Downloaded http://repo.maven.apache.org/maven2/org/apache/maven/maven-settings/2.0.6/maven-settings-2.0.6.pom
2019-07-10 11:42:09,327 [Worker-11] INFO  o.e.m.c.i.e.AbstractTransferListenerAdapter - Downloading http://repo.maven.apache.org/maven2/org/apache/maven/maven-model/2.0.6/maven-model-2.0.6.pom
2019-07-10 11:42:09,749 [Worker-11] INFO  o.e.m.c.i.e.AbstractTransferListenerAdapter - Downloaded http://repo.maven.apache.org/maven2/org/apache/maven/maven-model/2.0.6/maven-model-2.0.6.pom
2019-07-10 11:42:10,611 [Worker-11] INFO  o.e.m.c.i.e.AbstractTransferListenerAdapter - Downloading http://repo.maven.apache.org/maven2/org/codehaus/plexus/plexus-utils/1.4.1/plexus-utils-1.4.1.pom
2019-07-10 11:42:11,040 [Worker-11] INFO  o.e.m.c.i.e.AbstractTransferListenerAdapter - Downloaded http://repo.maven.apache.org/maven2/org/codehaus/plexus/plexus-utils/1.4.1/plexus-utils-1.4.1.pom
2019-07-10 11:42:11,269 [Worker-11] INFO  o.e.m.c.i.e.AbstractTransferListenerAdapter - Downloading http://repo.maven.apache.org/maven2/org/codehaus/plexus/plexus-container-default/1.0-alpha-9-stable-1/plexus-container-default-1.0-alpha-9-stable-1.pom
2019-07-10 11:42:11,721 [Worker-11] INFO  o.e.m.c.i.e.AbstractTransferListenerAdapter - Downloaded http://repo.maven.apache.org/maven2/org/codehaus/plexus/plexus-container-default/1.0-alpha-9-stable-1/plexus-container-default-1.0-alpha-9-stable-1.pom
2019-07-10 11:42:11,935 [Worker-11] INFO  o.e.m.c.i.e.AbstractTransferListenerAdapter - Downloading http://repo.maven.apache.org/maven2/org/codehaus/plexus/plexus-containers/1.0.3/plexus-containers-1.0.3.pom
2019-07-10 11:42:12,363 [Worker-11] INFO  o.e.m.c.i.e.AbstractTransferListenerAdapter - Downloaded http://repo.maven.apache.org/maven2/org/codehaus/plexus/plexus-containers/1.0.3/plexus-containers-1.0.3.pom
2019-07-10 11:42:12,577 [Worker-11] INFO  o.e.m.c.i.e.AbstractTransferListenerAdapter - Downloading http://repo.maven.apache.org/maven2/org/codehaus/plexus/plexus/1.0.4/plexus-1.0.4.pom
2019-07-10 11:42:13,046 [Worker-11] INFO  o.e.m.c.i.e.AbstractTransferListenerAdapter - Downloaded http://repo.maven.apache.org/maven2/org/codehaus/plexus/plexus/1.0.4/plexus-1.0.4.pom
2019-07-10 11:42:13,265 [Worker-11] INFO  o.e.m.c.i.e.AbstractTransferListenerAdapter - Downloading http://repo.maven.apache.org/maven2/junit/junit/3.8.1/junit-3.8.1.pom
2019-07-10 11:42:13,666 [Worker-11] INFO  o.e.m.c.i.e.AbstractTransferListenerAdapter - Downloaded http://repo.maven.apache.org/maven2/junit/junit/3.8.1/junit-3.8.1.pom
2019-07-10 11:42:13,876 [Worker-11] INFO  o.e.m.c.i.e.AbstractTransferListenerAdapter - Downloading http://repo.maven.apache.org/maven2/org/codehaus/plexus/plexus-utils/1.0.4/plexus-utils-1.0.4.pom
2019-07-10 11:42:14,312 [Worker-11] INFO  o.e.m.c.i.e.AbstractTransferListenerAdapter - Downloaded http://repo.maven.apache.org/maven2/org/codehaus/plexus/plexus-utils/1.0.4/plexus-utils-1.0.4.pom
2019-07-10 11:42:14,534 [Worker-11] INFO  o.e.m.c.i.e.AbstractTransferListenerAdapter - Downloading http://repo.maven.apache.org/maven2/classworlds/classworlds/1.1-alpha-2/classworlds-1.1-alpha-2.pom
2019-07-10 11:42:14,940 [Worker-11] INFO  o.e.m.c.i.e.AbstractTransferListenerAdapter - Downloaded http://repo.maven.apache.org/maven2/classworlds/classworlds/1.1-alpha-2/classworlds-1.1-alpha-2.pom
2019-07-10 11:42:15,149 [Worker-11] INFO  o.e.m.c.i.e.AbstractTransferListenerAdapter - Downloading http://repo.maven.apache.org/maven2/org/apache/maven/maven-plugin-parameter-documenter/2.0.6/maven-plugin-parameter-documenter-2.0.6.pom
2019-07-10 11:42:15,564 [Worker-11] INFO  o.e.m.c.i.e.AbstractTransferListenerAdapter - Downloaded http://repo.maven.apache.org/maven2/org/apache/maven/maven-plugin-parameter-documenter/2.0.6/maven-plugin-parameter-documenter-2.0.6.pom
2019-07-10 11:42:15,795 [Worker-11] INFO  o.e.m.c.i.e.AbstractTransferListenerAdapter - Downloading http://repo.maven.apache.org/maven2/org/apache/maven/reporting/maven-reporting-api/2.0.6/maven-reporting-api-2.0.6.pom
2019-07-10 11:42:16,222 [Worker-11] INFO  o.e.m.c.i.e.AbstractTransferListenerAdapter - Downloaded http://repo.maven.apache.org/maven2/org/apache/maven/reporting/maven-reporting-api/2.0.6/maven-reporting-api-2.0.6.pom
2019-07-10 11:42:16,449 [Worker-11] INFO  o.e.m.c.i.e.AbstractTransferListenerAdapter - Downloading http://repo.maven.apache.org/maven2/org/apache/maven/reporting/maven-reporting/2.0.6/maven-reporting-2.0.6.pom
2019-07-10 11:42:16,862 [Worker-11] INFO  o.e.m.c.i.e.AbstractTransferListenerAdapter - Downloaded http://repo.maven.apache.org/maven2/org/apache/maven/reporting/maven-reporting/2.0.6/maven-reporting-2.0.6.pom
2019-07-10 11:42:17,068 [Worker-11] INFO  o.e.m.c.i.e.AbstractTransferListenerAdapter - Downloading http://repo.maven.apache.org/maven2/org/apache/maven/doxia/doxia-sink-api/1.0-alpha-7/doxia-sink-api-1.0-alpha-7.pom
2019-07-10 11:42:17,492 [Worker-11] INFO  o.e.m.c.i.e.AbstractTransferListenerAdapter - Downloaded http://repo.maven.apache.org/maven2/org/apache/maven/doxia/doxia-sink-api/1.0-alpha-7/doxia-sink-api-1.0-alpha-7.pom
2019-07-10 11:42:17,699 [Worker-11] INFO  o.e.m.c.i.e.AbstractTransferListenerAdapter - Downloading http://repo.maven.apache.org/maven2/org/apache/maven/doxia/doxia/1.0-alpha-7/doxia-1.0-alpha-7.pom
2019-07-10 11:42:18,168 [Worker-11] INFO  o.e.m.c.i.e.AbstractTransferListenerAdapter - Downloaded http://repo.maven.apache.org/maven2/org/apache/maven/doxia/doxia/1.0-alpha-7/doxia-1.0-alpha-7.pom
2019-07-10 11:42:18,371 [Worker-11] INFO  o.e.m.c.i.e.AbstractTransferListenerAdapter - Downloading http://repo.maven.apache.org/maven2/org/apache/maven/maven-profile/2.0.6/maven-profile-2.0.6.pom
2019-07-10 11:42:18,786 [Worker-11] INFO  o.e.m.c.i.e.AbstractTransferListenerAdapter - Downloaded http://repo.maven.apache.org/maven2/org/apache/maven/maven-profile/2.0.6/maven-profile-2.0.6.pom
2019-07-10 11:42:19,000 [Worker-11] INFO  o.e.m.c.i.e.AbstractTransferListenerAdapter - Downloading http://repo.maven.apache.org/maven2/org/apache/maven/maven-artifact/2.0.6/maven-artifact-2.0.6.pom
2019-07-10 11:42:19,442 [Worker-11] INFO  o.e.m.c.i.e.AbstractTransferListenerAdapter - Downloaded http://repo.maven.apache.org/maven2/org/apache/maven/maven-artifact/2.0.6/maven-artifact-2.0.6.pom
2019-07-10 11:42:19,670 [Worker-11] INFO  o.e.m.c.i.e.AbstractTransferListenerAdapter - Downloading http://repo.maven.apache.org/maven2/org/apache/maven/maven-repository-metadata/2.0.6/maven-repository-metadata-2.0.6.pom
2019-07-10 11:42:20,083 [Worker-11] INFO  o.e.m.c.i.e.AbstractTransferListenerAdapter - Downloaded http://repo.maven.apache.org/maven2/org/apache/maven/maven-repository-metadata/2.0.6/maven-repository-metadata-2.0.6.pom
2019-07-10 11:42:20,294 [Worker-11] INFO  o.e.m.c.i.e.AbstractTransferListenerAdapter - Downloading http://repo.maven.apache.org/maven2/org/apache/maven/maven-error-diagnostics/2.0.6/maven-error-diagnostics-2.0.6.pom
2019-07-10 11:42:20,720 [Worker-11] INFO  o.e.m.c.i.e.AbstractTransferListenerAdapter - Downloaded http://repo.maven.apache.org/maven2/org/apache/maven/maven-error-diagnostics/2.0.6/maven-error-diagnostics-2.0.6.pom
2019-07-10 11:42:20,925 [Worker-11] INFO  o.e.m.c.i.e.AbstractTransferListenerAdapter - Downloading http://repo.maven.apache.org/maven2/org/apache/maven/maven-project/2.0.6/maven-project-2.0.6.pom
2019-07-10 11:42:21,372 [Worker-11] INFO  o.e.m.c.i.e.AbstractTransferListenerAdapter - Downloaded http://repo.maven.apache.org/maven2/org/apache/maven/maven-project/2.0.6/maven-project-2.0.6.pom
2019-07-10 11:42:21,586 [Worker-11] INFO  o.e.m.c.i.e.AbstractTransferListenerAdapter - Downloading http://repo.maven.apache.org/maven2/org/apache/maven/maven-artifact-manager/2.0.6/maven-artifact-manager-2.0.6.pom
2019-07-10 11:42:22,060 [Worker-11] INFO  o.e.m.c.i.e.AbstractTransferListenerAdapter - Downloaded http://repo.maven.apache.org/maven2/org/apache/maven/maven-artifact-manager/2.0.6/maven-artifact-manager-2.0.6.pom
2019-07-10 11:42:22,277 [Worker-11] INFO  o.e.m.c.i.e.AbstractTransferListenerAdapter - Downloading http://repo.maven.apache.org/maven2/org/apache/maven/maven-plugin-registry/2.0.6/maven-plugin-registry-2.0.6.pom
2019-07-10 11:42:23,128 [Worker-11] INFO  o.e.m.c.i.e.AbstractTransferListenerAdapter - Downloaded http://repo.maven.apache.org/maven2/org/apache/maven/maven-plugin-registry/2.0.6/maven-plugin-registry-2.0.6.pom
2019-07-10 11:42:23,347 [Worker-11] INFO  o.e.m.c.i.e.AbstractTransferListenerAdapter - Downloading http://repo.maven.apache.org/maven2/commons-cli/commons-cli/1.0/commons-cli-1.0.pom
2019-07-10 11:42:23,775 [Worker-11] INFO  o.e.m.c.i.e.AbstractTransferListenerAdapter - Downloaded http://repo.maven.apache.org/maven2/commons-cli/commons-cli/1.0/commons-cli-1.0.pom
2019-07-10 11:42:23,992 [Worker-11] INFO  o.e.m.c.i.e.AbstractTransferListenerAdapter - Downloading http://repo.maven.apache.org/maven2/org/apache/maven/maven-plugin-api/2.0.6/maven-plugin-api-2.0.6.pom
2019-07-10 11:42:24,407 [Worker-11] INFO  o.e.m.c.i.e.AbstractTransferListenerAdapter - Downloaded http://repo.maven.apache.org/maven2/org/apache/maven/maven-plugin-api/2.0.6/maven-plugin-api-2.0.6.pom
2019-07-10 11:42:24,616 [Worker-11] INFO  o.e.m.c.i.e.AbstractTransferListenerAdapter - Downloading http://repo.maven.apache.org/maven2/org/apache/maven/maven-plugin-descriptor/2.0.6/maven-plugin-descriptor-2.0.6.pom
2019-07-10 11:42:25,041 [Worker-11] INFO  o.e.m.c.i.e.AbstractTransferListenerAdapter - Downloaded http://repo.maven.apache.org/maven2/org/apache/maven/maven-plugin-descriptor/2.0.6/maven-plugin-descriptor-2.0.6.pom
2019-07-10 11:42:25,263 [Worker-11] INFO  o.e.m.c.i.e.AbstractTransferListenerAdapter - Downloading http://repo.maven.apache.org/maven2/org/codehaus/plexus/plexus-interactivity-api/1.0-alpha-4/plexus-interactivity-api-1.0-alpha-4.pom
2019-07-10 11:42:25,702 [Worker-11] INFO  o.e.m.c.i.e.AbstractTransferListenerAdapter - Downloaded http://repo.maven.apache.org/maven2/org/codehaus/plexus/plexus-interactivity-api/1.0-alpha-4/plexus-interactivity-api-1.0-alpha-4.pom
2019-07-10 11:42:25,917 [Worker-11] INFO  o.e.m.c.i.e.AbstractTransferListenerAdapter - Downloading http://repo.maven.apache.org/maven2/org/apache/maven/maven-monitor/2.0.6/maven-monitor-2.0.6.pom
2019-07-10 11:42:26,313 [Worker-11] INFO  o.e.m.c.i.e.AbstractTransferListenerAdapter - Downloaded http://repo.maven.apache.org/maven2/org/apache/maven/maven-monitor/2.0.6/maven-monitor-2.0.6.pom
2019-07-10 11:42:26,526 [Worker-11] INFO  o.e.m.c.i.e.AbstractTransferListenerAdapter - Downloading http://repo.maven.apache.org/maven2/classworlds/classworlds/1.1/classworlds-1.1.pom
2019-07-10 11:42:26,943 [Worker-11] INFO  o.e.m.c.i.e.AbstractTransferListenerAdapter - Downloaded http://repo.maven.apache.org/maven2/classworlds/classworlds/1.1/classworlds-1.1.pom
2019-07-10 11:42:27,154 [Worker-11] INFO  o.e.m.c.i.e.AbstractTransferListenerAdapter - Downloading http://repo.maven.apache.org/maven2/org/codehaus/plexus/plexus-utils/3.0/plexus-utils-3.0.pom
2019-07-10 11:42:27,570 [Worker-11] INFO  o.e.m.c.i.e.AbstractTransferListenerAdapter - Downloaded http://repo.maven.apache.org/maven2/org/codehaus/plexus/plexus-utils/3.0/plexus-utils-3.0.pom
2019-07-10 11:42:27,789 [Worker-11] INFO  o.e.m.c.i.e.AbstractTransferListenerAdapter - Downloading http://repo.maven.apache.org/maven2/org/sonatype/spice/spice-parent/16/spice-parent-16.pom
2019-07-10 11:42:28,196 [Worker-11] INFO  o.e.m.c.i.e.AbstractTransferListenerAdapter - Downloaded http://repo.maven.apache.org/maven2/org/sonatype/spice/spice-parent/16/spice-parent-16.pom
2019-07-10 11:42:28,400 [Worker-11] INFO  o.e.m.c.i.e.AbstractTransferListenerAdapter - Downloading http://repo.maven.apache.org/maven2/org/sonatype/forge/forge-parent/5/forge-parent-5.pom
2019-07-10 11:42:28,821 [Worker-11] INFO  o.e.m.c.i.e.AbstractTransferListenerAdapter - Downloaded http://repo.maven.apache.org/maven2/org/sonatype/forge/forge-parent/5/forge-parent-5.pom
2019-07-10 11:42:29,023 [Worker-11] INFO  o.e.m.c.i.e.AbstractTransferListenerAdapter - Downloading http://repo.maven.apache.org/maven2/org/codehaus/plexus/plexus-compiler-api/1.9.1/plexus-compiler-api-1.9.1.pom
2019-07-10 11:42:29,436 [Worker-11] INFO  o.e.m.c.i.e.AbstractTransferListenerAdapter - Downloaded http://repo.maven.apache.org/maven2/org/codehaus/plexus/plexus-compiler-api/1.9.1/plexus-compiler-api-1.9.1.pom
2019-07-10 11:42:29,645 [Worker-11] INFO  o.e.m.c.i.e.AbstractTransferListenerAdapter - Downloading http://repo.maven.apache.org/maven2/org/codehaus/plexus/plexus-compiler/1.9.1/plexus-compiler-1.9.1.pom
2019-07-10 11:42:30,067 [Worker-11] INFO  o.e.m.c.i.e.AbstractTransferListenerAdapter - Downloaded http://repo.maven.apache.org/maven2/org/codehaus/plexus/plexus-compiler/1.9.1/plexus-compiler-1.9.1.pom
2019-07-10 11:42:30,281 [Worker-11] INFO  o.e.m.c.i.e.AbstractTransferListenerAdapter - Downloading http://repo.maven.apache.org/maven2/org/codehaus/plexus/plexus-components/1.1.20/plexus-components-1.1.20.pom
2019-07-10 11:42:30,692 [Worker-11] INFO  o.e.m.c.i.e.AbstractTransferListenerAdapter - Downloaded http://repo.maven.apache.org/maven2/org/codehaus/plexus/plexus-components/1.1.20/plexus-components-1.1.20.pom
2019-07-10 11:42:30,907 [Worker-11] INFO  o.e.m.c.i.e.AbstractTransferListenerAdapter - Downloading http://repo.maven.apache.org/maven2/org/codehaus/plexus/plexus/3.1/plexus-3.1.pom
2019-07-10 11:42:31,532 [Worker-11] INFO  o.e.m.c.i.e.AbstractTransferListenerAdapter - Downloaded http://repo.maven.apache.org/maven2/org/codehaus/plexus/plexus/3.1/plexus-3.1.pom
2019-07-10 11:42:31,743 [Worker-11] INFO  o.e.m.c.i.e.AbstractTransferListenerAdapter - Downloading http://repo.maven.apache.org/maven2/org/sonatype/spice/spice-parent/17/spice-parent-17.pom
2019-07-10 11:42:32,155 [Worker-11] INFO  o.e.m.c.i.e.AbstractTransferListenerAdapter - Downloaded http://repo.maven.apache.org/maven2/org/sonatype/spice/spice-parent/17/spice-parent-17.pom
2019-07-10 11:42:32,390 [Worker-11] INFO  o.e.m.c.i.e.AbstractTransferListenerAdapter - Downloading http://repo.maven.apache.org/maven2/org/sonatype/forge/forge-parent/10/forge-parent-10.pom
2019-07-10 11:42:32,999 [Worker-11] INFO  o.e.m.c.i.e.AbstractTransferListenerAdapter - Downloaded http://repo.maven.apache.org/maven2/org/sonatype/forge/forge-parent/10/forge-parent-10.pom
2019-07-10 11:42:33,207 [Worker-11] INFO  o.e.m.c.i.e.AbstractTransferListenerAdapter - Downloading http://repo.maven.apache.org/maven2/org/codehaus/plexus/plexus-compiler-manager/1.9.1/plexus-compiler-manager-1.9.1.pom
2019-07-10 11:42:33,652 [Worker-11] INFO  o.e.m.c.i.e.AbstractTransferListenerAdapter - Downloaded http://repo.maven.apache.org/maven2/org/codehaus/plexus/plexus-compiler-manager/1.9.1/plexus-compiler-manager-1.9.1.pom
2019-07-10 11:42:33,856 [Worker-11] INFO  o.e.m.c.i.e.AbstractTransferListenerAdapter - Downloading http://repo.maven.apache.org/maven2/org/codehaus/plexus/plexus-compiler-javac/1.9.1/plexus-compiler-javac-1.9.1.pom
2019-07-10 11:42:34,270 [Worker-11] INFO  o.e.m.c.i.e.AbstractTransferListenerAdapter - Downloaded http://repo.maven.apache.org/maven2/org/codehaus/plexus/plexus-compiler-javac/1.9.1/plexus-compiler-javac-1.9.1.pom
2019-07-10 11:42:34,478 [Worker-11] INFO  o.e.m.c.i.e.AbstractTransferListenerAdapter - Downloading http://repo.maven.apache.org/maven2/org/codehaus/plexus/plexus-compilers/1.9.1/plexus-compilers-1.9.1.pom
2019-07-10 11:42:34,863 [Worker-11] INFO  o.e.m.c.i.e.AbstractTransferListenerAdapter - Downloaded http://repo.maven.apache.org/maven2/org/codehaus/plexus/plexus-compilers/1.9.1/plexus-compilers-1.9.1.pom
2019-07-10 11:42:35,102 [Worker-11] INFO  o.e.m.c.i.e.AbstractTransferListenerAdapter - Downloading http://repo.maven.apache.org/maven2/org/codehaus/plexus/plexus-utils/3.0/plexus-utils-3.0.jar
2019-07-10 11:42:40,345 [Worker-11] INFO  o.e.m.c.i.e.AbstractTransferListenerAdapter - Downloaded http://repo.maven.apache.org/maven2/org/codehaus/plexus/plexus-utils/3.0/plexus-utils-3.0.jar
2019-07-10 11:42:40,539 [Worker-11] INFO  o.e.m.c.i.e.AbstractTransferListenerAdapter - Downloading http://repo.maven.apache.org/maven2/org/codehaus/plexus/plexus-compiler-api/1.9.1/plexus-compiler-api-1.9.1.jar
2019-07-10 11:42:41,430 [Worker-11] INFO  o.e.m.c.i.e.AbstractTransferListenerAdapter - Downloaded http://repo.maven.apache.org/maven2/org/codehaus/plexus/plexus-compiler-api/1.9.1/plexus-compiler-api-1.9.1.jar
2019-07-10 11:42:41,630 [Worker-11] INFO  o.e.m.c.i.e.AbstractTransferListenerAdapter - Downloading http://repo.maven.apache.org/maven2/org/codehaus/plexus/plexus-compiler-manager/1.9.1/plexus-compiler-manager-1.9.1.jar
2019-07-10 11:42:42,090 [Worker-11] INFO  o.e.m.c.i.e.AbstractTransferListenerAdapter - Downloaded http://repo.maven.apache.org/maven2/org/codehaus/plexus/plexus-compiler-manager/1.9.1/plexus-compiler-manager-1.9.1.jar
2019-07-10 11:42:42,275 [Worker-11] INFO  o.e.m.c.i.e.AbstractTransferListenerAdapter - Downloading http://repo.maven.apache.org/maven2/org/codehaus/plexus/plexus-compiler-javac/1.9.1/plexus-compiler-javac-1.9.1.jar
2019-07-10 11:42:42,955 [Worker-11] INFO  o.e.m.c.i.e.AbstractTransferListenerAdapter - Downloaded http://repo.maven.apache.org/maven2/org/codehaus/plexus/plexus-compiler-javac/1.9.1/plexus-compiler-javac-1.9.1.jar
2019-07-10 11:42:43,152 [Worker-11] INFO  o.e.m.c.i.e.AbstractTransferListenerAdapter - Downloading http://repo.maven.apache.org/maven2/junit/junit/3.8.1/junit-3.8.1.jar
2019-07-10 11:42:45,607 [Worker-11] INFO  o.e.m.c.i.e.AbstractTransferListenerAdapter - Downloaded http://repo.maven.apache.org/maven2/junit/junit/3.8.1/junit-3.8.1.jar
2019-07-10 11:42:45,875 [Worker-11] INFO  o.e.m.c.i.l.LifecycleMappingFactory - Using org.maven.ide.eclipse.wtp.WarLifecycleMapping lifecycle mapping for MavenProject: com.momerata.dev:ejbtimer:0.0.1-SNAPSHOT @ E:\WORKSPACE\sources\poc\java\ejbtimer\ejbtimer\pom.xml.
2019-07-10 11:42:46,948 [Worker-11] INFO  o.e.m.j.i.AbstractJavaProjectConfigurator - Adding source folder /ejbtimer/src/main/java
2019-07-10 11:42:46,949 [Worker-11] INFO  o.e.m.j.i.AbstractJavaProjectConfigurator - Adding resource folder /ejbtimer/src/main/resources
2019-07-10 11:42:46,949 [Worker-11] INFO  o.e.m.j.i.AbstractJavaProjectConfigurator - Adding source folder /ejbtimer/src/test/java
2019-07-10 11:42:46,949 [Worker-11] INFO  o.e.m.j.i.AbstractJavaProjectConfigurator - Adding resource folder /ejbtimer/src/test/resources
2019-07-10 11:42:47,641 [Worker-20] INFO  o.e.m.c.i.l.LifecycleMappingFactory - Using org.maven.ide.eclipse.wtp.WarLifecycleMapping lifecycle mapping for MavenProject: com.momerata.dev:ejbtimer:0.0.1-SNAPSHOT @ E:\WORKSPACE\sources\poc\java\ejbtimer\ejbtimer\pom.xml.
2019-07-10 11:42:49,442 [Worker-17] INFO  o.e.m.c.i.l.LifecycleMappingFactory - Using org.maven.ide.eclipse.wtp.WarLifecycleMapping lifecycle mapping for MavenProject: com.momerata.dev:ejbtimer:0.0.1-SNAPSHOT @ E:\WORKSPACE\sources\poc\java\ejbtimer\ejbtimer\pom.xml.
2019-07-10 11:42:49,644 [Worker-17] WARN  o.e.m.c.i.embedder.EclipseLogger - Using platform encoding (Cp1252 actually) to copy filtered resources, i.e. build is platform dependent!
2019-07-10 11:42:49,647 [Worker-17] INFO  o.e.m.c.i.embedder.EclipseLogger - Copying 0 resource
2019-07-10 11:42:49,648 [Worker-17] WARN  o.e.m.c.i.embedder.EclipseLogger - Using platform encoding (Cp1252 actually) to copy filtered resources, i.e. build is platform dependent!
2019-07-10 11:42:49,649 [Worker-17] INFO  o.e.m.c.i.embedder.EclipseLogger - Copying 0 resource
2019-07-10 11:44:29,286 [Worker-22] INFO  o.e.m.c.i.l.LifecycleMappingFactory - Using org.maven.ide.eclipse.wtp.WarLifecycleMapping lifecycle mapping for MavenProject: com.momerata:ejbtimer:0.0.1-SNAPSHOT @ E:\WORKSPACE\sources\poc\java\ejbtimer\ejbtimer\pom.xml.
2019-07-10 11:44:29,381 [Worker-22] INFO  o.e.m.j.i.AbstractJavaProjectConfigurator - Adding source folder /ejbtimer/src/main/java
2019-07-10 11:44:29,382 [Worker-22] INFO  o.e.m.j.i.AbstractJavaProjectConfigurator - Adding resource folder /ejbtimer/src/main/resources
2019-07-10 11:44:29,382 [Worker-22] INFO  o.e.m.j.i.AbstractJavaProjectConfigurator - Adding source folder /ejbtimer/src/test/java
2019-07-10 11:44:29,382 [Worker-22] INFO  o.e.m.j.i.AbstractJavaProjectConfigurator - Adding resource folder /ejbtimer/src/test/resources
2019-07-10 11:44:29,852 [Worker-24] INFO  o.e.m.c.i.l.LifecycleMappingFactory - Using org.maven.ide.eclipse.wtp.WarLifecycleMapping lifecycle mapping for MavenProject: com.momerata:ejbtimer:0.0.1-SNAPSHOT @ E:\WORKSPACE\sources\poc\java\ejbtimer\ejbtimer\pom.xml.
2019-07-10 11:44:29,953 [Worker-24] WARN  o.e.m.c.i.embedder.EclipseLogger - Using platform encoding (Cp1252 actually) to copy filtered resources, i.e. build is platform dependent!
2019-07-10 11:44:29,954 [Worker-24] INFO  o.e.m.c.i.embedder.EclipseLogger - Copying 0 resource
2019-07-10 11:44:29,955 [Worker-24] WARN  o.e.m.c.i.embedder.EclipseLogger - Using platform encoding (Cp1252 actually) to copy filtered resources, i.e. build is platform dependent!
2019-07-10 11:44:29,956 [Worker-24] INFO  o.e.m.c.i.embedder.EclipseLogger - Copying 0 resource
2019-07-10 11:44:30,680 [Worker-24] INFO  o.e.m.c.i.l.LifecycleMappingFactory - Using org.maven.ide.eclipse.wtp.WarLifecycleMapping lifecycle mapping for MavenProject: com.momerata:ejbtimer:0.0.1-SNAPSHOT @ E:\WORKSPACE\sources\poc\java\ejbtimer\ejbtimer\pom.xml.
2019-07-10 11:44:31,037 [Worker-27] WARN  o.e.m.c.i.embedder.EclipseLogger - Using platform encoding (Cp1252 actually) to copy filtered resources, i.e. build is platform dependent!
2019-07-10 11:44:31,040 [Worker-27] INFO  o.e.m.c.i.embedder.EclipseLogger - Copying 0 resource
2019-07-10 11:44:31,042 [Worker-27] WARN  o.e.m.c.i.embedder.EclipseLogger - Using platform encoding (Cp1252 actually) to copy filtered resources, i.e. build is platform dependent!
2019-07-10 11:44:31,043 [Worker-27] INFO  o.e.m.c.i.embedder.EclipseLogger - Copying 0 resource
2019-07-10 11:53:30,087 [Worker-37] WARN  o.e.m.c.i.embedder.EclipseLogger - Using platform encoding (Cp1252 actually) to copy filtered resources, i.e. build is platform dependent!
2019-07-10 11:53:30,088 [Worker-37] INFO  o.e.m.c.i.embedder.EclipseLogger - Copying 0 resource
2019-07-10 11:53:30,090 [Worker-37] WARN  o.e.m.c.i.embedder.EclipseLogger - Using platform encoding (Cp1252 actually) to copy filtered resources, i.e. build is platform dependent!
2019-07-10 11:53:30,091 [Worker-37] INFO  o.e.m.c.i.embedder.EclipseLogger - Copying 0 resource
2019-07-10 11:53:58,822 [Worker-34] WARN  o.e.m.c.i.embedder.EclipseLogger - Using platform encoding (Cp1252 actually) to copy filtered resources, i.e. build is platform dependent!
2019-07-10 11:53:58,823 [Worker-34] INFO  o.e.m.c.i.embedder.EclipseLogger - Copying 0 resource
2019-07-10 11:53:58,824 [Worker-34] WARN  o.e.m.c.i.embedder.EclipseLogger - Using platform encoding (Cp1252 actually) to copy filtered resources, i.e. build is platform dependent!
2019-07-10 11:53:58,825 [Worker-34] INFO  o.e.m.c.i.embedder.EclipseLogger - Copying 0 resource
2019-07-10 11:53:59,858 [Worker-37] WARN  o.e.m.c.i.embedder.EclipseLogger - Using platform encoding (Cp1252 actually) to copy filtered resources, i.e. build is platform dependent!
2019-07-10 11:53:59,859 [Worker-37] INFO  o.e.m.c.i.embedder.EclipseLogger - Copying 0 resource
2019-07-10 11:53:59,861 [Worker-37] WARN  o.e.m.c.i.embedder.EclipseLogger - Using platform encoding (Cp1252 actually) to copy filtered resources, i.e. build is platform dependent!
2019-07-10 11:53:59,862 [Worker-37] INFO  o.e.m.c.i.embedder.EclipseLogger - Copying 0 resource
2019-07-10 11:54:36,698 [Worker-30] WARN  o.e.m.c.i.embedder.EclipseLogger - Using platform encoding (Cp1252 actually) to copy filtered resources, i.e. build is platform dependent!
2019-07-10 11:54:36,700 [Worker-30] INFO  o.e.m.c.i.embedder.EclipseLogger - Copying 0 resource
2019-07-10 11:54:36,702 [Worker-30] WARN  o.e.m.c.i.embedder.EclipseLogger - Using platform encoding (Cp1252 actually) to copy filtered resources, i.e. build is platform dependent!
2019-07-10 11:54:36,702 [Worker-30] INFO  o.e.m.c.i.embedder.EclipseLogger - Copying 0 resource
2019-07-10 11:54:58,876 [Worker-42] INFO  o.e.m.c.i.p.ProjectConfigurationManager - Update started
2019-07-10 11:54:58,948 [Worker-42] INFO  o.e.m.c.i.l.LifecycleMappingFactory - Using org.maven.ide.eclipse.wtp.WarLifecycleMapping lifecycle mapping for MavenProject: com.momerata:ejbtimer:0.0.1-SNAPSHOT @ E:\WORKSPACE\sources\poc\java\ejbtimer\ejbtimer\pom.xml.
2019-07-10 11:54:59,013 [Worker-42] INFO  o.e.m.j.i.AbstractJavaProjectConfigurator - Adding source folder /ejbtimer/src/main/java
2019-07-10 11:54:59,013 [Worker-42] INFO  o.e.m.j.i.AbstractJavaProjectConfigurator - Adding resource folder /ejbtimer/src/main/resources
2019-07-10 11:54:59,013 [Worker-42] INFO  o.e.m.j.i.AbstractJavaProjectConfigurator - Adding source folder /ejbtimer/src/test/java
2019-07-10 11:54:59,013 [Worker-42] INFO  o.e.m.j.i.AbstractJavaProjectConfigurator - Adding resource folder /ejbtimer/src/test/resources
2019-07-10 11:54:59,193 [Worker-42] INFO  o.e.m.c.i.l.LifecycleMappingFactory - Using org.maven.ide.eclipse.wtp.WarLifecycleMapping lifecycle mapping for MavenProject: com.momerata:ejbtimer:0.0.1-SNAPSHOT @ E:\WORKSPACE\sources\poc\java\ejbtimer\ejbtimer\pom.xml.
2019-07-10 11:54:59,240 [Worker-42] INFO  o.e.m.w.i.f.ResourceFilteringBuildParticipant - Cleaning filtered folder for ejbtimer
2019-07-10 11:54:59,243 [Worker-42] INFO  o.e.m.c.i.p.ProjectConfigurationManager - Update completed: 0 sec
2019-07-10 11:54:59,375 [Worker-36] WARN  o.e.m.c.i.embedder.EclipseLogger - Using platform encoding (Cp1252 actually) to copy filtered resources, i.e. build is platform dependent!
2019-07-10 11:54:59,376 [Worker-36] INFO  o.e.m.c.i.embedder.EclipseLogger - Copying 0 resource
2019-07-10 11:54:59,377 [Worker-36] WARN  o.e.m.c.i.embedder.EclipseLogger - Using platform encoding (Cp1252 actually) to copy filtered resources, i.e. build is platform dependent!
2019-07-10 11:54:59,378 [Worker-36] INFO  o.e.m.c.i.embedder.EclipseLogger - Copying 0 resource
2019-07-10 11:55:27,561 [Worker-34] WARN  o.e.m.c.i.embedder.EclipseLogger - Using platform encoding (Cp1252 actually) to copy filtered resources, i.e. build is platform dependent!
2019-07-10 11:55:27,563 [Worker-34] INFO  o.e.m.c.i.embedder.EclipseLogger - Copying 0 resource
2019-07-10 11:55:27,565 [Worker-34] WARN  o.e.m.c.i.embedder.EclipseLogger - Using platform encoding (Cp1252 actually) to copy filtered resources, i.e. build is platform dependent!
2019-07-10 11:55:27,566 [Worker-34] INFO  o.e.m.c.i.embedder.EclipseLogger - Copying 0 resource
2019-07-10 11:57:58,008 [Worker-46] INFO  o.e.m.c.i.l.LifecycleMappingFactory - Using org.maven.ide.eclipse.wtp.WarLifecycleMapping lifecycle mapping for MavenProject: com.momerata:ejbtimer:0.0.1-SNAPSHOT @ E:\WORKSPACE\sources\poc\java\ejbtimer\ejbtimer\pom.xml.
2019-07-10 11:57:58,075 [Worker-46] INFO  o.e.m.c.i.embedder.EclipseLogger - Using 'UTF-8' encoding to copy filtered resources.
2019-07-10 11:57:58,075 [Worker-46] INFO  o.e.m.c.i.embedder.EclipseLogger - Copying 0 resource
2019-07-10 11:57:58,076 [Worker-46] INFO  o.e.m.c.i.embedder.EclipseLogger - Using 'UTF-8' encoding to copy filtered resources.
2019-07-10 11:57:58,076 [Worker-46] INFO  o.e.m.c.i.embedder.EclipseLogger - Copying 0 resource
2019-07-10 11:57:58,076 [Worker-46] INFO  o.e.m.w.i.f.ResourceFilteringBuildParticipant - Changed resources require a complete clean of filtered resources of ejbtimer
2019-07-10 11:57:58,077 [Worker-46] INFO  o.e.m.w.i.f.ResourceFilteringBuildParticipant - Executing resource filtering for ejbtimer
2019-07-10 11:57:58,083 [Worker-46] INFO  o.e.m.c.i.embedder.EclipseLogger - Using 'UTF-8' encoding to copy filtered resources.
2019-07-10 11:57:59,263 [Worker-47] INFO  o.e.m.c.i.embedder.EclipseLogger - Using 'UTF-8' encoding to copy filtered resources.
2019-07-10 11:57:59,263 [Worker-47] INFO  o.e.m.c.i.embedder.EclipseLogger - Copying 0 resource
2019-07-10 11:57:59,264 [Worker-47] INFO  o.e.m.c.i.embedder.EclipseLogger - Using 'UTF-8' encoding to copy filtered resources.
2019-07-10 11:57:59,264 [Worker-47] INFO  o.e.m.c.i.embedder.EclipseLogger - Copying 0 resource
2019-07-10 11:58:46,082 [Worker-51] INFO  o.e.m.c.i.l.LifecycleMappingFactory - Using org.maven.ide.eclipse.wtp.WarLifecycleMapping lifecycle mapping for MavenProject: com.momerata:ejbtimer:0.0.1-SNAPSHOT @ E:\WORKSPACE\sources\poc\java\ejbtimer\ejbtimer\pom.xml.
2019-07-10 11:58:46,669 [Worker-51] INFO  o.e.m.c.i.embedder.EclipseLogger - Using 'UTF-8' encoding to copy filtered resources.
2019-07-10 11:58:46,669 [Worker-51] INFO  o.e.m.c.i.embedder.EclipseLogger - Copying 0 resource
2019-07-10 11:58:46,670 [Worker-51] INFO  o.e.m.c.i.embedder.EclipseLogger - Using 'UTF-8' encoding to copy filtered resources.
2019-07-10 11:58:46,670 [Worker-51] INFO  o.e.m.c.i.embedder.EclipseLogger - Copying 0 resource
2019-07-10 11:58:46,670 [Worker-51] INFO  o.e.m.w.i.f.ResourceFilteringBuildParticipant - Changed resources require a complete clean of filtered resources of ejbtimer
2019-07-10 11:58:46,670 [Worker-51] INFO  o.e.m.w.i.f.ResourceFilteringBuildParticipant - Executing resource filtering for ejbtimer
2019-07-10 11:58:46,672 [Worker-51] INFO  o.e.m.c.i.embedder.EclipseLogger - Using 'UTF-8' encoding to copy filtered resources.
2019-07-10 11:59:03,472 [Worker-42] INFO  o.e.m.c.i.embedder.EclipseLogger - Using 'UTF-8' encoding to copy filtered resources.
2019-07-10 11:59:03,473 [Worker-42] INFO  o.e.m.c.i.embedder.EclipseLogger - Copying 0 resource
2019-07-10 11:59:03,474 [Worker-42] INFO  o.e.m.c.i.embedder.EclipseLogger - Using 'UTF-8' encoding to copy filtered resources.
2019-07-10 11:59:03,474 [Worker-42] INFO  o.e.m.c.i.embedder.EclipseLogger - Copying 0 resource
2019-07-10 12:04:02,016 [Worker-57] INFO  o.e.m.c.i.l.LifecycleMappingFactory - Using org.maven.ide.eclipse.wtp.WarLifecycleMapping lifecycle mapping for MavenProject: com.momerata:ejbtimer:0.0.1-SNAPSHOT @ E:\WORKSPACE\sources\poc\java\ejbtimer\ejbtimer\pom.xml.
2019-07-10 12:04:02,124 [pool-2-thread-1] INFO  o.e.m.c.i.e.AbstractTransferListenerAdapter - Downloaded file:/E:/WORKSPACE/devtools/ide/java/MAVEN/MAVEN/javax/javaee-endorsed-api/6.0/javaee-endorsed-api-6.0.war
2019-07-10 12:04:03,014 [Worker-57] INFO  o.e.m.c.i.e.AbstractTransferListenerAdapter - Downloaded http://repo.maven.apache.org/maven2/javax/javaee-endorsed-api/6.0/javaee-endorsed-api-6.0.war
2019-07-10 12:04:03,029 [Worker-57] INFO  o.e.m.c.i.embedder.EclipseLogger - Using 'UTF-8' encoding to copy filtered resources.
2019-07-10 12:04:03,030 [Worker-57] INFO  o.e.m.c.i.embedder.EclipseLogger - Copying 0 resource
2019-07-10 12:04:03,031 [Worker-57] INFO  o.e.m.c.i.embedder.EclipseLogger - Using 'UTF-8' encoding to copy filtered resources.
2019-07-10 12:04:03,032 [Worker-57] INFO  o.e.m.c.i.embedder.EclipseLogger - Copying 0 resource
2019-07-10 12:04:03,032 [Worker-57] INFO  o.e.m.w.i.f.ResourceFilteringBuildParticipant - Changed resources require a complete clean of filtered resources of ejbtimer
2019-07-10 12:04:03,032 [Worker-57] INFO  o.e.m.w.i.f.ResourceFilteringBuildParticipant - Executing resource filtering for ejbtimer
2019-07-10 12:04:03,036 [Worker-57] INFO  o.e.m.c.i.embedder.EclipseLogger - Using 'UTF-8' encoding to copy filtered resources.
2019-07-10 12:35:33,919 [Worker-77] INFO  o.e.m.c.i.l.LifecycleMappingFactory - Using org.maven.ide.eclipse.wtp.WarLifecycleMapping lifecycle mapping for MavenProject: com.momerata:ejbtimer:0.0.1-SNAPSHOT @ E:\WORKSPACE\sources\poc\java\ejbtimer\ejbtimer\pom.xml.
2019-07-10 12:35:34,065 [Worker-77] INFO  o.e.m.c.i.embedder.EclipseLogger - Using 'UTF-8' encoding to copy filtered resources.
2019-07-10 12:35:34,065 [Worker-77] INFO  o.e.m.c.i.embedder.EclipseLogger - Copying 0 resource
2019-07-10 12:35:34,066 [Worker-77] INFO  o.e.m.c.i.embedder.EclipseLogger - Using 'UTF-8' encoding to copy filtered resources.
2019-07-10 12:35:34,067 [Worker-77] INFO  o.e.m.c.i.embedder.EclipseLogger - Copying 0 resource
2019-07-10 12:35:34,067 [Worker-77] INFO  o.e.m.w.i.f.ResourceFilteringBuildParticipant - Changed resources require a complete clean of filtered resources of ejbtimer
2019-07-10 12:35:34,067 [Worker-77] INFO  o.e.m.w.i.f.ResourceFilteringBuildParticipant - Executing resource filtering for ejbtimer
2019-07-10 12:35:34,069 [Worker-77] INFO  o.e.m.c.i.embedder.EclipseLogger - Using 'UTF-8' encoding to copy filtered resources.
2019-07-10 12:36:41,929 [Worker-82] INFO  o.e.m.c.i.embedder.EclipseLogger - Using 'UTF-8' encoding to copy filtered resources.
2019-07-10 12:36:41,929 [Worker-82] INFO  o.e.m.c.i.embedder.EclipseLogger - Copying 0 resource
2019-07-10 12:36:41,930 [Worker-82] INFO  o.e.m.c.i.embedder.EclipseLogger - Using 'UTF-8' encoding to copy filtered resources.
2019-07-10 12:36:41,931 [Worker-82] INFO  o.e.m.c.i.embedder.EclipseLogger - Copying 0 resource
2019-07-10 12:37:03,408 [Worker-84] INFO  o.e.m.c.i.embedder.EclipseLogger - Using 'UTF-8' encoding to copy filtered resources.
2019-07-10 12:37:03,409 [Worker-84] INFO  o.e.m.c.i.embedder.EclipseLogger - Copying 0 resource
2019-07-10 12:37:03,410 [Worker-84] INFO  o.e.m.c.i.embedder.EclipseLogger - Using 'UTF-8' encoding to copy filtered resources.
2019-07-10 12:37:03,411 [Worker-84] INFO  o.e.m.c.i.embedder.EclipseLogger - Copying 0 resource
2019-07-10 12:37:07,262 [Worker-81] INFO  o.e.m.c.i.embedder.EclipseLogger - Using 'UTF-8' encoding to copy filtered resources.
2019-07-10 12:37:07,263 [Worker-81] INFO  o.e.m.c.i.embedder.EclipseLogger - Copying 0 resource
2019-07-10 12:37:07,263 [Worker-81] INFO  o.e.m.c.i.embedder.EclipseLogger - Using 'UTF-8' encoding to copy filtered resources.
2019-07-10 12:37:07,263 [Worker-81] INFO  o.e.m.c.i.embedder.EclipseLogger - Copying 0 resource
2019-07-10 12:42:33,832 [Worker-83] INFO  o.e.m.c.i.embedder.EclipseLogger - Using 'UTF-8' encoding to copy filtered resources.
2019-07-10 12:42:33,833 [Worker-83] INFO  o.e.m.c.i.embedder.EclipseLogger - Copying 0 resource
2019-07-10 12:42:33,835 [Worker-83] INFO  o.e.m.c.i.embedder.EclipseLogger - Using 'UTF-8' encoding to copy filtered resources.
2019-07-10 12:42:33,835 [Worker-83] INFO  o.e.m.c.i.embedder.EclipseLogger - Copying 0 resource
2019-07-10 12:45:37,661 [Worker-92] INFO  o.e.m.c.i.embedder.EclipseLogger - Using 'UTF-8' encoding to copy filtered resources.
2019-07-10 12:45:37,662 [Worker-92] INFO  o.e.m.c.i.embedder.EclipseLogger - Copying 0 resource
2019-07-10 12:45:37,662 [Worker-92] INFO  o.e.m.c.i.embedder.EclipseLogger - Using 'UTF-8' encoding to copy filtered resources.
2019-07-10 12:45:37,662 [Worker-92] INFO  o.e.m.c.i.embedder.EclipseLogger - Copying 0 resource
2019-07-10 13:01:01,030 [Worker-102] INFO  o.e.m.c.i.embedder.EclipseLogger - Using 'UTF-8' encoding to copy filtered resources.
2019-07-10 13:01:01,030 [Worker-102] INFO  o.e.m.c.i.embedder.EclipseLogger - Copying 0 resource
2019-07-10 13:01:01,031 [Worker-102] INFO  o.e.m.c.i.embedder.EclipseLogger - Using 'UTF-8' encoding to copy filtered resources.
2019-07-10 13:01:01,031 [Worker-102] INFO  o.e.m.c.i.embedder.EclipseLogger - Copying 0 resource
2019-07-10 13:01:14,887 [Worker-103] INFO  o.e.m.c.i.embedder.EclipseLogger - Using 'UTF-8' encoding to copy filtered resources.
2019-07-10 13:01:14,887 [Worker-103] INFO  o.e.m.c.i.embedder.EclipseLogger - Copying 0 resource
2019-07-10 13:01:14,888 [Worker-103] INFO  o.e.m.c.i.embedder.EclipseLogger - Using 'UTF-8' encoding to copy filtered resources.
2019-07-10 13:01:14,888 [Worker-103] INFO  o.e.m.c.i.embedder.EclipseLogger - Copying 0 resource
2019-07-10 13:04:30,560 [Worker-107] INFO  o.e.m.c.i.embedder.EclipseLogger - Using 'UTF-8' encoding to copy filtered resources.
2019-07-10 13:04:30,560 [Worker-107] INFO  o.e.m.c.i.embedder.EclipseLogger - Copying 0 resource
2019-07-10 13:04:30,561 [Worker-107] INFO  o.e.m.c.i.embedder.EclipseLogger - Using 'UTF-8' encoding to copy filtered resources.
2019-07-10 13:04:30,561 [Worker-107] INFO  o.e.m.c.i.embedder.EclipseLogger - Copying 0 resource
2019-07-10 13:04:38,840 [Worker-108] INFO  o.e.m.c.i.embedder.EclipseLogger - Using 'UTF-8' encoding to copy filtered resources.
2019-07-10 13:04:38,841 [Worker-108] INFO  o.e.m.c.i.embedder.EclipseLogger - Copying 0 resource
2019-07-10 13:04:38,842 [Worker-108] INFO  o.e.m.c.i.embedder.EclipseLogger - Using 'UTF-8' encoding to copy filtered resources.
2019-07-10 13:04:38,842 [Worker-108] INFO  o.e.m.c.i.embedder.EclipseLogger - Copying 0 resource
2019-07-10 13:04:44,077 [Worker-104] INFO  o.e.m.c.i.embedder.EclipseLogger - Using 'UTF-8' encoding to copy filtered resources.
2019-07-10 13:04:44,078 [Worker-104] INFO  o.e.m.c.i.embedder.EclipseLogger - Copying 0 resource
2019-07-10 13:04:44,078 [Worker-104] INFO  o.e.m.c.i.embedder.EclipseLogger - Using 'UTF-8' encoding to copy filtered resources.
2019-07-10 13:04:44,078 [Worker-104] INFO  o.e.m.c.i.embedder.EclipseLogger - Copying 0 resource
2019-07-10 13:04:46,740 [Worker-111] INFO  o.e.m.c.i.embedder.EclipseLogger - Using 'UTF-8' encoding to copy filtered resources.
2019-07-10 13:04:46,740 [Worker-111] INFO  o.e.m.c.i.embedder.EclipseLogger - Copying 0 resource
2019-07-10 13:04:46,741 [Worker-111] INFO  o.e.m.c.i.embedder.EclipseLogger - Using 'UTF-8' encoding to copy filtered resources.
2019-07-10 13:04:46,741 [Worker-111] INFO  o.e.m.c.i.embedder.EclipseLogger - Copying 0 resource
2019-07-10 13:06:26,142 [Worker-111] INFO  o.e.m.c.i.embedder.EclipseLogger - Using 'UTF-8' encoding to copy filtered resources.
2019-07-10 13:06:26,143 [Worker-111] INFO  o.e.m.c.i.embedder.EclipseLogger - Copying 0 resource
2019-07-10 13:06:26,144 [Worker-111] INFO  o.e.m.c.i.embedder.EclipseLogger - Using 'UTF-8' encoding to copy filtered resources.
2019-07-10 13:06:26,144 [Worker-111] INFO  o.e.m.c.i.embedder.EclipseLogger - Copying 0 resource
2019-07-10 13:18:56,196 [Worker-118] INFO  o.e.m.c.i.embedder.EclipseLogger - Using 'UTF-8' encoding to copy filtered resources.
2019-07-10 13:18:56,197 [Worker-118] INFO  o.e.m.c.i.embedder.EclipseLogger - Copying 0 resource
2019-07-10 13:18:56,198 [Worker-118] INFO  o.e.m.c.i.embedder.EclipseLogger - Using 'UTF-8' encoding to copy filtered resources.
2019-07-10 13:18:56,198 [Worker-118] INFO  o.e.m.c.i.embedder.EclipseLogger - Copying 0 resource
2019-07-10 13:20:37,442 [Worker-120] INFO  o.e.m.c.i.embedder.EclipseLogger - Using 'UTF-8' encoding to copy filtered resources.
2019-07-10 13:20:37,443 [Worker-120] INFO  o.e.m.c.i.embedder.EclipseLogger - Copying 0 resource
2019-07-10 13:20:37,445 [Worker-120] INFO  o.e.m.c.i.embedder.EclipseLogger - Using 'UTF-8' encoding to copy filtered resources.
2019-07-10 13:20:37,445 [Worker-120] INFO  o.e.m.c.i.embedder.EclipseLogger - Copying 0 resource
2019-07-10 13:21:16,974 [Worker-125] INFO  o.e.m.c.i.embedder.EclipseLogger - Using 'UTF-8' encoding to copy filtered resources.
2019-07-10 13:21:16,974 [Worker-125] INFO  o.e.m.c.i.embedder.EclipseLogger - Copying 0 resource
2019-07-10 13:21:16,975 [Worker-125] INFO  o.e.m.c.i.embedder.EclipseLogger - Using 'UTF-8' encoding to copy filtered resources.
2019-07-10 13:21:16,975 [Worker-125] INFO  o.e.m.c.i.embedder.EclipseLogger - Copying 0 resource
2019-07-10 13:22:51,132 [Worker-125] INFO  o.e.m.c.i.embedder.EclipseLogger - Using 'UTF-8' encoding to copy filtered resources.
2019-07-10 13:22:51,133 [Worker-125] INFO  o.e.m.c.i.embedder.EclipseLogger - Copying 0 resource
2019-07-10 13:22:51,134 [Worker-125] INFO  o.e.m.c.i.embedder.EclipseLogger - Using 'UTF-8' encoding to copy filtered resources.
2019-07-10 13:22:51,134 [Worker-125] INFO  o.e.m.c.i.embedder.EclipseLogger - Copying 0 resource
2019-07-10 13:24:17,976 [Worker-122] INFO  o.e.m.c.i.embedder.EclipseLogger - Using 'UTF-8' encoding to copy filtered resources.
2019-07-10 13:24:17,976 [Worker-122] INFO  o.e.m.c.i.embedder.EclipseLogger - Copying 0 resource
2019-07-10 13:24:17,977 [Worker-122] INFO  o.e.m.c.i.embedder.EclipseLogger - Using 'UTF-8' encoding to copy filtered resources.
2019-07-10 13:24:17,977 [Worker-122] INFO  o.e.m.c.i.embedder.EclipseLogger - Copying 0 resource
2019-07-10 13:25:08,866 [Worker-122] INFO  o.e.m.c.i.embedder.EclipseLogger - Using 'UTF-8' encoding to copy filtered resources.
2019-07-10 13:25:08,866 [Worker-122] INFO  o.e.m.c.i.embedder.EclipseLogger - Copying 0 resource
2019-07-10 13:25:08,867 [Worker-122] INFO  o.e.m.c.i.embedder.EclipseLogger - Using 'UTF-8' encoding to copy filtered resources.
2019-07-10 13:25:08,867 [Worker-122] INFO  o.e.m.c.i.embedder.EclipseLogger - Copying 0 resource
2019-07-10 13:25:46,553 [Worker-133] INFO  o.e.m.c.i.embedder.EclipseLogger - Using 'UTF-8' encoding to copy filtered resources.
2019-07-10 13:25:46,554 [Worker-133] INFO  o.e.m.c.i.embedder.EclipseLogger - Copying 0 resource
2019-07-10 13:25:46,555 [Worker-133] INFO  o.e.m.c.i.embedder.EclipseLogger - Using 'UTF-8' encoding to copy filtered resources.
2019-07-10 13:25:46,555 [Worker-133] INFO  o.e.m.c.i.embedder.EclipseLogger - Copying 0 resource
2019-07-10 13:25:59,658 [Worker-130] INFO  o.e.m.c.i.embedder.EclipseLogger - Using 'UTF-8' encoding to copy filtered resources.
2019-07-10 13:25:59,658 [Worker-130] INFO  o.e.m.c.i.embedder.EclipseLogger - Copying 0 resource
2019-07-10 13:25:59,660 [Worker-130] INFO  o.e.m.c.i.embedder.EclipseLogger - Using 'UTF-8' encoding to copy filtered resources.
2019-07-10 13:25:59,660 [Worker-130] INFO  o.e.m.c.i.embedder.EclipseLogger - Copying 0 resource
2019-07-10 13:26:19,945 [Worker-131] INFO  o.e.m.c.i.embedder.EclipseLogger - Using 'UTF-8' encoding to copy filtered resources.
2019-07-10 13:26:19,946 [Worker-131] INFO  o.e.m.c.i.embedder.EclipseLogger - Copying 0 resource
2019-07-10 13:26:19,946 [Worker-131] INFO  o.e.m.c.i.embedder.EclipseLogger - Using 'UTF-8' encoding to copy filtered resources.
2019-07-10 13:26:19,946 [Worker-131] INFO  o.e.m.c.i.embedder.EclipseLogger - Copying 0 resource
2019-07-10 13:26:25,312 [Worker-137] INFO  o.e.m.c.i.embedder.EclipseLogger - Using 'UTF-8' encoding to copy filtered resources.
2019-07-10 13:26:25,313 [Worker-137] INFO  o.e.m.c.i.embedder.EclipseLogger - Copying 0 resource
2019-07-10 13:26:25,314 [Worker-137] INFO  o.e.m.c.i.embedder.EclipseLogger - Using 'UTF-8' encoding to copy filtered resources.
2019-07-10 13:26:25,314 [Worker-137] INFO  o.e.m.c.i.embedder.EclipseLogger - Copying 0 resource
2019-07-10 14:47:19,797 [Worker-147] INFO  o.e.m.c.i.embedder.EclipseLogger - Using 'UTF-8' encoding to copy filtered resources.
2019-07-10 14:47:19,797 [Worker-147] INFO  o.e.m.c.i.embedder.EclipseLogger - Copying 0 resource
2019-07-10 14:47:19,798 [Worker-147] INFO  o.e.m.c.i.embedder.EclipseLogger - Using 'UTF-8' encoding to copy filtered resources.
2019-07-10 14:47:19,798 [Worker-147] INFO  o.e.m.c.i.embedder.EclipseLogger - Copying 0 resource
2019-07-10 14:50:45,157 [Worker-111] INFO  o.e.m.c.i.embedder.EclipseLogger - Using 'UTF-8' encoding to copy filtered resources.
2019-07-10 14:50:45,158 [Worker-111] INFO  o.e.m.c.i.embedder.EclipseLogger - Copying 0 resource
2019-07-10 14:50:45,158 [Worker-111] INFO  o.e.m.c.i.embedder.EclipseLogger - Using 'UTF-8' encoding to copy filtered resources.
2019-07-10 14:50:45,159 [Worker-111] INFO  o.e.m.c.i.embedder.EclipseLogger - Copying 0 resource
2019-07-10 14:51:02,197 [Worker-157] INFO  o.e.m.c.i.embedder.EclipseLogger - Using 'UTF-8' encoding to copy filtered resources.
2019-07-10 14:51:02,198 [Worker-157] INFO  o.e.m.c.i.embedder.EclipseLogger - Copying 0 resource
2019-07-10 14:51:02,199 [Worker-157] INFO  o.e.m.c.i.embedder.EclipseLogger - Using 'UTF-8' encoding to copy filtered resources.
2019-07-10 14:51:02,200 [Worker-157] INFO  o.e.m.c.i.embedder.EclipseLogger - Copying 0 resource
2019-07-14 08:51:04,974 [Worker-8] INFO  o.e.m.c.i.embedder.EclipseLogger - Using 'UTF-8' encoding to copy filtered resources.
2019-07-14 08:51:04,988 [Worker-8] INFO  o.e.m.c.i.embedder.EclipseLogger - Copying 0 resource
2019-07-14 08:51:04,990 [Worker-8] INFO  o.e.m.c.i.embedder.EclipseLogger - Using 'UTF-8' encoding to copy filtered resources.
2019-07-14 08:51:04,990 [Worker-8] INFO  o.e.m.c.i.embedder.EclipseLogger - Copying 0 resource
2019-07-14 08:51:43,963 [Worker-6] INFO  o.e.m.c.i.embedder.EclipseLogger - Using 'UTF-8' encoding to copy filtered resources.
2019-07-14 08:51:43,966 [Worker-6] INFO  o.e.m.c.i.embedder.EclipseLogger - Copying 0 resource
2019-07-14 08:51:43,967 [Worker-6] INFO  o.e.m.c.i.embedder.EclipseLogger - Using 'UTF-8' encoding to copy filtered resources.
2019-07-14 08:51:43,967 [Worker-6] INFO  o.e.m.c.i.embedder.EclipseLogger - Copying 0 resource
2019-07-14 08:52:33,181 [Worker-11] INFO  o.e.m.c.i.embedder.EclipseLogger - Using 'UTF-8' encoding to copy filtered resources.
2019-07-14 08:52:33,184 [Worker-11] INFO  o.e.m.c.i.embedder.EclipseLogger - Copying 0 resource
2019-07-14 08:52:33,185 [Worker-11] INFO  o.e.m.c.i.embedder.EclipseLogger - Using 'UTF-8' encoding to copy filtered resources.
2019-07-14 08:52:33,185 [Worker-11] INFO  o.e.m.c.i.embedder.EclipseLogger - Copying 0 resource
2019-07-14 08:52:58,857 [Worker-7] INFO  o.e.m.c.i.embedder.EclipseLogger - Using 'UTF-8' encoding to copy filtered resources.
2019-07-14 08:52:58,858 [Worker-7] INFO  o.e.m.c.i.embedder.EclipseLogger - Copying 0 resource
2019-07-14 08:52:58,858 [Worker-7] INFO  o.e.m.c.i.embedder.EclipseLogger - Using 'UTF-8' encoding to copy filtered resources.
2019-07-14 08:52:58,859 [Worker-7] INFO  o.e.m.c.i.embedder.EclipseLogger - Copying 0 resource
2019-07-14 08:53:15,964 [Worker-14] INFO  o.e.m.c.i.embedder.EclipseLogger - Using 'UTF-8' encoding to copy filtered resources.
2019-07-14 08:53:15,964 [Worker-14] INFO  o.e.m.c.i.embedder.EclipseLogger - Copying 0 resource
2019-07-14 08:53:15,965 [Worker-14] INFO  o.e.m.c.i.embedder.EclipseLogger - Using 'UTF-8' encoding to copy filtered resources.
2019-07-14 08:53:15,965 [Worker-14] INFO  o.e.m.c.i.embedder.EclipseLogger - Copying 0 resource
2019-07-14 08:53:31,235 [Worker-3] INFO  o.e.m.c.i.embedder.EclipseLogger - Using 'UTF-8' encoding to copy filtered resources.
2019-07-14 08:53:31,235 [Worker-3] INFO  o.e.m.c.i.embedder.EclipseLogger - Copying 0 resource
2019-07-14 08:53:31,236 [Worker-3] INFO  o.e.m.c.i.embedder.EclipseLogger - Using 'UTF-8' encoding to copy filtered resources.
2019-07-14 08:53:31,236 [Worker-3] INFO  o.e.m.c.i.embedder.EclipseLogger - Copying 0 resource
2019-07-14 08:53:58,084 [Worker-8] INFO  o.e.m.c.i.embedder.EclipseLogger - Using 'UTF-8' encoding to copy filtered resources.
2019-07-14 08:53:58,085 [Worker-8] INFO  o.e.m.c.i.embedder.EclipseLogger - Copying 0 resource
2019-07-14 08:53:58,086 [Worker-8] INFO  o.e.m.c.i.embedder.EclipseLogger - Using 'UTF-8' encoding to copy filtered resources.
2019-07-14 08:53:58,086 [Worker-8] INFO  o.e.m.c.i.embedder.EclipseLogger - Copying 0 resource
2019-07-14 08:54:38,602 [Worker-7] INFO  o.e.m.c.i.embedder.EclipseLogger - Using 'UTF-8' encoding to copy filtered resources.
2019-07-14 08:54:38,602 [Worker-7] INFO  o.e.m.c.i.embedder.EclipseLogger - Copying 0 resource
2019-07-14 08:54:38,604 [Worker-7] INFO  o.e.m.c.i.embedder.EclipseLogger - Using 'UTF-8' encoding to copy filtered resources.
2019-07-14 08:54:38,604 [Worker-7] INFO  o.e.m.c.i.embedder.EclipseLogger - Copying 0 resource
2019-07-14 08:55:07,158 [Worker-13] INFO  o.e.m.c.i.embedder.EclipseLogger - Using 'UTF-8' encoding to copy filtered resources.
2019-07-14 08:55:07,159 [Worker-13] INFO  o.e.m.c.i.embedder.EclipseLogger - Copying 0 resource
2019-07-14 08:55:07,160 [Worker-13] INFO  o.e.m.c.i.embedder.EclipseLogger - Using 'UTF-8' encoding to copy filtered resources.
2019-07-14 08:55:07,160 [Worker-13] INFO  o.e.m.c.i.embedder.EclipseLogger - Copying 0 resource
2019-07-14 08:56:02,222 [Worker-12] INFO  o.e.m.c.i.embedder.EclipseLogger - Using 'UTF-8' encoding to copy filtered resources.
2019-07-14 08:56:02,224 [Worker-12] INFO  o.e.m.c.i.embedder.EclipseLogger - Copying 0 resource
2019-07-14 08:56:02,225 [Worker-12] INFO  o.e.m.c.i.embedder.EclipseLogger - Using 'UTF-8' encoding to copy filtered resources.
2019-07-14 08:56:02,225 [Worker-12] INFO  o.e.m.c.i.embedder.EclipseLogger - Copying 0 resource
2019-07-14 08:56:12,645 [Worker-7] INFO  o.e.m.c.i.embedder.EclipseLogger - Using 'UTF-8' encoding to copy filtered resources.
2019-07-14 08:56:12,646 [Worker-7] INFO  o.e.m.c.i.embedder.EclipseLogger - Copying 0 resource
2019-07-14 08:56:12,647 [Worker-7] INFO  o.e.m.c.i.embedder.EclipseLogger - Using 'UTF-8' encoding to copy filtered resources.
2019-07-14 08:56:12,647 [Worker-7] INFO  o.e.m.c.i.embedder.EclipseLogger - Copying 0 resource
2019-07-14 08:56:45,837 [Worker-6] INFO  o.e.m.c.i.embedder.EclipseLogger - Using 'UTF-8' encoding to copy filtered resources.
2019-07-14 08:56:45,837 [Worker-6] INFO  o.e.m.c.i.embedder.EclipseLogger - Copying 0 resource
2019-07-14 08:56:45,838 [Worker-6] INFO  o.e.m.c.i.embedder.EclipseLogger - Using 'UTF-8' encoding to copy filtered resources.
2019-07-14 08:56:45,838 [Worker-6] INFO  o.e.m.c.i.embedder.EclipseLogger - Copying 0 resource
2019-07-14 08:56:50,686 [Worker-14] INFO  o.e.m.c.i.embedder.EclipseLogger - Using 'UTF-8' encoding to copy filtered resources.
2019-07-14 08:56:50,686 [Worker-14] INFO  o.e.m.c.i.embedder.EclipseLogger - Copying 0 resource
2019-07-14 08:56:50,687 [Worker-14] INFO  o.e.m.c.i.embedder.EclipseLogger - Using 'UTF-8' encoding to copy filtered resources.
2019-07-14 08:56:50,687 [Worker-14] INFO  o.e.m.c.i.embedder.EclipseLogger - Copying 0 resource
2019-07-14 08:57:03,397 [Worker-3] INFO  o.e.m.c.i.embedder.EclipseLogger - Using 'UTF-8' encoding to copy filtered resources.
2019-07-14 08:57:03,397 [Worker-3] INFO  o.e.m.c.i.embedder.EclipseLogger - Copying 0 resource
2019-07-14 08:57:03,398 [Worker-3] INFO  o.e.m.c.i.embedder.EclipseLogger - Using 'UTF-8' encoding to copy filtered resources.
2019-07-14 08:57:03,398 [Worker-3] INFO  o.e.m.c.i.embedder.EclipseLogger - Copying 0 resource
2019-07-14 08:58:41,748 [Worker-6] INFO  o.e.m.c.i.embedder.EclipseLogger - Using 'UTF-8' encoding to copy filtered resources.
2019-07-14 08:58:41,749 [Worker-6] INFO  o.e.m.c.i.embedder.EclipseLogger - Copying 0 resource
2019-07-14 08:58:41,750 [Worker-6] INFO  o.e.m.c.i.embedder.EclipseLogger - Using 'UTF-8' encoding to copy filtered resources.
2019-07-14 08:58:41,751 [Worker-6] INFO  o.e.m.c.i.embedder.EclipseLogger - Copying 0 resource
2019-07-14 08:58:42,767 [Worker-11] INFO  o.e.m.c.i.embedder.EclipseLogger - Using 'UTF-8' encoding to copy filtered resources.
2019-07-14 08:58:42,767 [Worker-11] INFO  o.e.m.c.i.embedder.EclipseLogger - Copying 0 resource
2019-07-14 08:58:42,769 [Worker-11] INFO  o.e.m.c.i.embedder.EclipseLogger - Using 'UTF-8' encoding to copy filtered resources.
2019-07-14 08:58:42,769 [Worker-11] INFO  o.e.m.c.i.embedder.EclipseLogger - Copying 0 resource
2019-07-14 08:58:58,271 [Worker-20] INFO  o.e.m.c.i.embedder.EclipseLogger - Using 'UTF-8' encoding to copy filtered resources.
2019-07-14 08:58:58,272 [Worker-20] INFO  o.e.m.c.i.embedder.EclipseLogger - Copying 2 resources
2019-07-14 08:58:58,281 [Worker-20] INFO  o.e.m.c.i.embedder.EclipseLogger - Using 'UTF-8' encoding to copy filtered resources.
2019-07-14 08:58:58,281 [Worker-20] INFO  o.e.m.c.i.embedder.EclipseLogger - Copying 0 resource
2019-07-14 08:59:05,244 [Worker-11] INFO  o.e.m.c.i.embedder.EclipseLogger - Using 'UTF-8' encoding to copy filtered resources.
2019-07-14 08:59:05,244 [Worker-11] INFO  o.e.m.c.i.embedder.EclipseLogger - Copying 0 resource
2019-07-14 08:59:05,245 [Worker-11] INFO  o.e.m.c.i.embedder.EclipseLogger - Using 'UTF-8' encoding to copy filtered resources.
2019-07-14 08:59:05,245 [Worker-11] INFO  o.e.m.c.i.embedder.EclipseLogger - Copying 0 resource
2019-07-14 08:59:24,891 [Worker-18] INFO  o.e.m.c.i.embedder.EclipseLogger - Using 'UTF-8' encoding to copy filtered resources.
2019-07-14 08:59:24,891 [Worker-18] INFO  o.e.m.c.i.embedder.EclipseLogger - Copying 0 resource
2019-07-14 08:59:24,892 [Worker-18] INFO  o.e.m.c.i.embedder.EclipseLogger - Using 'UTF-8' encoding to copy filtered resources.
2019-07-14 08:59:24,893 [Worker-18] INFO  o.e.m.c.i.embedder.EclipseLogger - Copying 0 resource
2019-07-14 08:59:59,020 [Worker-11] INFO  o.e.m.c.i.embedder.EclipseLogger - Using 'UTF-8' encoding to copy filtered resources.
2019-07-14 08:59:59,020 [Worker-11] INFO  o.e.m.c.i.embedder.EclipseLogger - Copying 3 resources
2019-07-14 08:59:59,024 [Worker-11] INFO  o.e.m.c.i.embedder.EclipseLogger - Using 'UTF-8' encoding to copy filtered resources.
2019-07-14 08:59:59,024 [Worker-11] INFO  o.e.m.c.i.embedder.EclipseLogger - Copying 0 resource
2019-07-14 09:00:00,086 [Worker-18] INFO  o.e.m.c.i.embedder.EclipseLogger - Using 'UTF-8' encoding to copy filtered resources.
2019-07-14 09:00:00,086 [Worker-18] INFO  o.e.m.c.i.embedder.EclipseLogger - Copying 0 resource
2019-07-14 09:00:00,086 [Worker-18] INFO  o.e.m.c.i.embedder.EclipseLogger - Using 'UTF-8' encoding to copy filtered resources.
2019-07-14 09:00:00,087 [Worker-18] INFO  o.e.m.c.i.embedder.EclipseLogger - Copying 0 resource
2019-07-14 09:00:51,487 [Worker-22] INFO  o.e.m.c.i.embedder.EclipseLogger - Using 'UTF-8' encoding to copy filtered resources.
2019-07-14 09:00:51,488 [Worker-22] INFO  o.e.m.c.i.embedder.EclipseLogger - Copying 3 resources
2019-07-14 09:00:51,490 [Worker-22] INFO  o.e.m.c.i.embedder.EclipseLogger - Using 'UTF-8' encoding to copy filtered resources.
2019-07-14 09:00:51,490 [Worker-22] INFO  o.e.m.c.i.embedder.EclipseLogger - Copying 0 resource
2019-07-14 09:01:04,636 [Worker-16] INFO  o.e.m.c.i.embedder.EclipseLogger - Using 'UTF-8' encoding to copy filtered resources.
2019-07-14 09:01:04,638 [Worker-16] INFO  o.e.m.c.i.embedder.EclipseLogger - Copying 3 resources
2019-07-14 09:01:04,641 [Worker-16] INFO  o.e.m.c.i.embedder.EclipseLogger - Using 'UTF-8' encoding to copy filtered resources.
2019-07-14 09:01:04,642 [Worker-16] INFO  o.e.m.c.i.embedder.EclipseLogger - Copying 0 resource
2019-07-14 09:02:38,094 [Worker-29] INFO  o.e.m.c.i.embedder.EclipseLogger - Using 'UTF-8' encoding to copy filtered resources.
2019-07-14 09:02:38,094 [Worker-29] INFO  o.e.m.c.i.embedder.EclipseLogger - Copying 0 resource
2019-07-14 09:02:38,097 [Worker-29] INFO  o.e.m.c.i.embedder.EclipseLogger - Using 'UTF-8' encoding to copy filtered resources.
2019-07-14 09:02:38,097 [Worker-29] INFO  o.e.m.c.i.embedder.EclipseLogger - Copying 0 resource
2019-07-14 11:19:00,773 [Worker-81] INFO  o.e.m.c.i.embedder.EclipseLogger - Using 'UTF-8' encoding to copy filtered resources.
2019-07-14 11:19:00,774 [Worker-81] INFO  o.e.m.c.i.embedder.EclipseLogger - Copying 2 resources
2019-07-14 11:19:00,775 [Worker-81] INFO  o.e.m.c.i.embedder.EclipseLogger - Using 'UTF-8' encoding to copy filtered resources.
2019-07-14 11:19:00,775 [Worker-81] INFO  o.e.m.c.i.embedder.EclipseLogger - Copying 0 resource
